<?xml version="1.0" encoding="UTF-8"?>
<!-- Generated by org.testng.reporters.JUnitReportReporter -->
<testsuite hostname="Liam" failures="0" tests="3" name="fuelbuddyAutomatedTests.WelcomeScreenTest" time="0.409" errors="0" timestamp="2024-02-16T18:58:59 GMT" skipped="0">
  <testcase classname="fuelbuddyAutomatedTests.WelcomeScreenTest" name="testFuelBuddyLogo" time="0.292"/>
  <system-out/>
  <testcase classname="fuelbuddyAutomatedTests.WelcomeScreenTest" name="testWelcomeSloganText" time="0.058"/>
  <system-out/>
  <testcase classname="fuelbuddyAutomatedTests.WelcomeScreenTest" name="testWelcomeText" time="0.059"/>
  <system-out/>
</testsuite> <!-- fuelbuddyAutomatedTests.WelcomeScreenTest -->
